<?xml version="1.0" encoding="UTF-8"?>
<testsuite xmlns:xsi="http://www.w3.org/2001/XMLSchema-instance" xsi:noNamespaceSchemaLocation="https://maven.apache.org/surefire/maven-surefire-plugin/xsd/surefire-test-report.xsd" name="com.example.crud_spring.CustomerRepositoryTest" time="10.675" tests="2" errors="0" skipped="0" failures="0">
  <properties>
[...]
</properties>
  <testcase name="existPersonWithId" classname="com.example.crud_spring.CustomerRepositoryTest" time="0.321"/>
  <testcase name="existPersonWithEmail" classname="com.example.crud_spring.CustomerRepositoryTest" time="0.024"/>
</testsuite>